<?xml version="1.0" encoding="UTF-8"?>
<!-- Generated by org.testng.reporters.JUnitReportReporter -->
<testsuite hostname="Rajeswari" name="com.app.tests.WomenPageTest" tests="1" failures="0" timestamp="29 Dec 2021 05:37:42 GMT" time="6.711" errors="0">
  <testcase name="verifynoofproductsshowsontop" time="6.711" classname="com.app.tests.WomenPageTest"/>
</testsuite> <!-- com.app.tests.WomenPageTest -->
