<?xml version="1.0" encoding="UTF-8"?>
<!-- Generated by org.testng.reporters.JUnitReportReporter -->
<testsuite hostname="Rajeswari" name="com.app.tests.Producttest" tests="16" failures="0" timestamp="28 Dec 2021 17:59:17 GMT" time="29.843" errors="0">
  <testcase name="verifytsirttab" time="0.119" classname="com.app.tests.Producttest"/>
  <testcase name="verifyclickthewomentab" time="5.793" classname="com.app.tests.Producttest"/>
  <testcase name="verifyemailsubscription" time="4.848" classname="com.app.tests.Producttest"/>
  <testcase name="verifyclickthedressestab" time="3.176" classname="com.app.tests.Producttest"/>
  <testcase name="verifyshare" time="0.240" classname="com.app.tests.Producttest"/>
  <testcase name="verifydescription" time="0.110" classname="com.app.tests.Producttest"/>
  <testcase name="verifysmallsize" time="0.268" classname="com.app.tests.Producttest"/>
  <testcase name="verifyproduct" time="5.497" classname="com.app.tests.Producttest"/>
  <testcase name="verifyclickthetshirttab" time="2.561" classname="com.app.tests.Producttest"/>
  <testcase name="clickwomen" time="3.662" classname="com.app.tests.Producttest"/>
  <testcase name="verifyscroll" time="2.715" classname="com.app.tests.Producttest"/>
  <testcase name="verifytweet" time="0.167" classname="com.app.tests.Producttest"/>
  <testcase name="verifywomentab" time="0.283" classname="com.app.tests.Producttest"/>
  <testcase name="verifylargesize" time="0.123" classname="com.app.tests.Producttest"/>
  <testcase name="verifymediumsize" time="0.131" classname="com.app.tests.Producttest"/>
  <testcase name="verifydressestab" time="0.150" classname="com.app.tests.Producttest"/>
</testsuite> <!-- com.app.tests.Producttest -->
